Started GET "/ventures" for ::1 at 2016-06-29 16:13:30 +0100
  
ActiveRecord::PendingMigrationError (

Migrations are pending. To resolve this issue, run:

	bin/rails db:migrate RAILS_ENV=development

):
  
activerecord (5.0.0.rc2) lib/active_record/migration.rb:572:in `check_pending!'
activerecord (5.0.0.rc2) lib/active_record/migration.rb:548:in `call'
actionpack (5.0.0.rc2) lib/action_dispatch/middleware/callbacks.rb:38:in `block in call'
activesupport (5.0.0.rc2) lib/active_support/callbacks.rb:97:in `__run_callbacks__'
activesupport (5.0.0.rc2) lib/active_support/callbacks.rb:750:in `_run_call_callbacks'
activesupport (5.0.0.rc2) lib/active_support/callbacks.rb:90:in `run_callbacks'
actionpack (5.0.0.rc2) lib/action_dispatch/middleware/callbacks.rb:36:in `call'
actionpack (5.0.0.rc2) lib/action_dispatch/middleware/executor.rb:12:in `call'
actionpack (5.0.0.rc2) lib/action_dispatch/middleware/remote_ip.rb:79:in `call'
actionpack (5.0.0.rc2) lib/action_dispatch/middleware/debug_exceptions.rb:49:in `call'
web-console (3.3.0) lib/web_console/middleware.rb:131:in `call_app'
web-console (3.3.0) lib/web_console/middleware.rb:28:in `block in call'
web-console (3.3.0) lib/web_console/middleware.rb:18:in `catch'
web-console (3.3.0) lib/web_console/middleware.rb:18:in `call'
actionpack (5.0.0.rc2) lib/action_dispatch/middleware/show_exceptions.rb:31:in `call'
railties (5.0.0.rc2) lib/rails/rack/logger.rb:36:in `call_app'
railties (5.0.0.rc2) lib/rails/rack/logger.rb:24:in `block in call'
activesupport (5.0.0.rc2) lib/active_support/tagged_logging.rb:70:in `block in tagged'
activesupport (5.0.0.rc2) lib/active_support/tagged_logging.rb:26:in `tagged'
activesupport (5.0.0.rc2) lib/active_support/tagged_logging.rb:70:in `tagged'
railties (5.0.0.rc2) lib/rails/rack/logger.rb:24:in `call'
sprockets-rails (3.1.1) lib/sprockets/rails/quiet_assets.rb:13:in `call'
actionpack (5.0.0.rc2) lib/action_dispatch/middleware/request_id.rb:24:in `call'
rack (2.0.0.rc1) lib/rack/method_override.rb:22:in `call'
rack (2.0.0.rc1) lib/rack/runtime.rb:22:in `call'
activesupport (5.0.0.rc2) lib/active_support/cache/strategy/local_cache_middleware.rb:28:in `call'
actionpack (5.0.0.rc2) lib/action_dispatch/middleware/executor.rb:12:in `call'
actionpack (5.0.0.rc2) lib/action_dispatch/middleware/static.rb:136:in `call'
rack (2.0.0.rc1) lib/rack/sendfile.rb:111:in `call'
railties (5.0.0.rc2) lib/rails/engine.rb:522:in `call'
puma (3.4.0) lib/puma/configuration.rb:224:in `call'
puma (3.4.0) lib/puma/server.rb:569:in `handle_request'
puma (3.4.0) lib/puma/server.rb:406:in `process_client'
puma (3.4.0) lib/puma/server.rb:271:in `block in run'
puma (3.4.0) lib/puma/thread_pool.rb:114:in `call'
puma (3.4.0) lib/puma/thread_pool.rb:114:in `block in spawn_thread'
  Rendering /Users/rasandei/.rvm/gems/ruby-2.2.3/gems/actionpack-5.0.0.rc2/lib/action_dispatch/middleware/templates/rescues/diagnostics.html.erb within rescues/layout
  Rendering /Users/rasandei/.rvm/gems/ruby-2.2.3/gems/actionpack-5.0.0.rc2/lib/action_dispatch/middleware/templates/rescues/_source.html.erb
  Rendered /Users/rasandei/.rvm/gems/ruby-2.2.3/gems/actionpack-5.0.0.rc2/lib/action_dispatch/middleware/templates/rescues/_source.html.erb (3.2ms)
  Rendering /Users/rasandei/.rvm/gems/ruby-2.2.3/gems/actionpack-5.0.0.rc2/lib/action_dispatch/middleware/templates/rescues/_trace.html.erb
  Rendered /Users/rasandei/.rvm/gems/ruby-2.2.3/gems/actionpack-5.0.0.rc2/lib/action_dispatch/middleware/templates/rescues/_trace.html.erb (2.2ms)
  Rendering /Users/rasandei/.rvm/gems/ruby-2.2.3/gems/actionpack-5.0.0.rc2/lib/action_dispatch/middleware/templates/rescues/_request_and_response.html.erb
  Rendered /Users/rasandei/.rvm/gems/ruby-2.2.3/gems/actionpack-5.0.0.rc2/lib/action_dispatch/middleware/templates/rescues/_request_and_response.html.erb (1.5ms)
  Rendered /Users/rasandei/.rvm/gems/ruby-2.2.3/gems/actionpack-5.0.0.rc2/lib/action_dispatch/middleware/templates/rescues/diagnostics.html.erb within rescues/layout (84.5ms)
  [1m[35m (14.0ms)[0m  [1m[35mCREATE TABLE "schema_migrations" ("version" character varying PRIMARY KEY)[0m
  [1m[35m (5.8ms)[0m  [1m[35mCREATE TABLE "ar_internal_metadata" ("key" character varying PRIMARY KEY, "value" character varying, "created_at" timestamp NOT NULL, "updated_at" timestamp NOT NULL)[0m
  [1m[35m (0.4ms)[0m  [1m[34mSELECT pg_try_advisory_lock(7613136024791283840);[0m
  [1m[36mActiveRecord::SchemaMigration Load (0.3ms)[0m  [1m[34mSELECT "schema_migrations".* FROM "schema_migrations"[0m
Migrating to CreateVentures (20160629151250)
  [1m[35m (0.1ms)[0m  [1m[35mBEGIN[0m
  [1m[35m (0.3ms)[0m  [1m[31mROLLBACK[0m
  [1m[35m (0.2ms)[0m  [1m[34mSELECT pg_advisory_unlock(7613136024791283840)[0m
  [1m[35m (0.1ms)[0m  [1m[34mSELECT pg_try_advisory_lock(7613136024791283840);[0m
  [1m[36mActiveRecord::SchemaMigration Load (0.3ms)[0m  [1m[34mSELECT "schema_migrations".* FROM "schema_migrations"[0m
Migrating to CreateVentures (20160629151458)
  [1m[35m (0.1ms)[0m  [1m[35mBEGIN[0m
  [1m[35m (10.3ms)[0m  [1m[35mCREATE TABLE "ventures" ("id" serial primary key, "name" character varying, "website" character varying, "description" character varying, "country" character varying, "price_range" character varying, "created_at" timestamp NOT NULL, "updated_at" timestamp NOT NULL)[0m
  [1m[35mSQL (1.5ms)[0m  [1m[32mINSERT INTO "schema_migrations" ("version") VALUES ($1) RETURNING "version"[0m  [["version", "20160629151458"]]
  [1m[35m (0.4ms)[0m  [1m[35mCOMMIT[0m
  [1m[36mActiveRecord::InternalMetadata Load (0.3ms)[0m  [1m[34mSELECT  "ar_internal_metadata".* FROM "ar_internal_metadata" WHERE "ar_internal_metadata"."key" = $1 LIMIT $2[0m  [["key", :environment], ["LIMIT", 1]]
  [1m[35m (0.1ms)[0m  [1m[35mBEGIN[0m
  [1m[35mSQL (0.7ms)[0m  [1m[32mINSERT INTO "ar_internal_metadata" ("key", "value", "created_at", "updated_at") VALUES ($1, $2, $3, $4) RETURNING "key"[0m  [["key", "environment"], ["value", "development"], ["created_at", 2016-06-29 15:15:07 UTC], ["updated_at", 2016-06-29 15:15:07 UTC]]
  [1m[35m (0.3ms)[0m  [1m[35mCOMMIT[0m
  [1m[35m (0.2ms)[0m  [1m[34mSELECT pg_advisory_unlock(7613136024791283840)[0m
  [1m[36mActiveRecord::SchemaMigration Load (0.2ms)[0m  [1m[34mSELECT "schema_migrations".* FROM "schema_migrations"[0m
  [1m[35m (2.1ms)[0m  [1m[34mSELECT t2.oid::regclass::text AS to_table, a1.attname AS column, a2.attname AS primary_key, c.conname AS name, c.confupdtype AS on_update, c.confdeltype AS on_delete
FROM pg_constraint c
JOIN pg_class t1 ON c.conrelid = t1.oid
JOIN pg_class t2 ON c.confrelid = t2.oid
JOIN pg_attribute a1 ON a1.attnum = c.conkey[1] AND a1.attrelid = t1.oid
JOIN pg_attribute a2 ON a2.attnum = c.confkey[1] AND a2.attrelid = t2.oid
JOIN pg_namespace t3 ON c.connamespace = t3.oid
WHERE c.contype = 'f'
  AND t1.relname = 'ventures'
  AND t3.nspname = ANY (current_schemas(false))
ORDER BY c.conname
[0m
Started GET "/ventures" for ::1 at 2016-06-29 16:15:19 +0100
  [1m[36mActiveRecord::SchemaMigration Load (0.4ms)[0m  [1m[34mSELECT "schema_migrations".* FROM "schema_migrations"[0m
Processing by VenturesController#index as HTML
  Rendering ventures/index.html.erb within layouts/application
  [1m[36mVenture Load (0.4ms)[0m  [1m[34mSELECT "ventures".* FROM "ventures"[0m
  Rendered ventures/index.html.erb within layouts/application (8.0ms)
Completed 200 OK in 1187ms (Views: 1173.5ms | ActiveRecord: 1.2ms)


Started GET "/ventures/new" for ::1 at 2016-06-29 16:15:23 +0100
Processing by VenturesController#new as HTML
  Rendering ventures/new.html.erb within layouts/application
  Rendered ventures/_form.html.erb (25.7ms)
  Rendered ventures/new.html.erb within layouts/application (29.2ms)
Completed 200 OK in 70ms (Views: 52.1ms | ActiveRecord: 4.3ms)


Started GET "/" for ::1 at 2016-07-01 15:22:22 +0100
  
PG::ConnectionBad (could not connect to server: No such file or directory
	Is the server running locally and accepting
	connections on Unix domain socket "/tmp/.s.PGSQL.5432"?
):
  
activerecord (5.0.0.rc2) lib/active_record/connection_adapters/postgresql_adapter.rb:671:in `initialize'
activerecord (5.0.0.rc2) lib/active_record/connection_adapters/postgresql_adapter.rb:671:in `new'
activerecord (5.0.0.rc2) lib/active_record/connection_adapters/postgresql_adapter.rb:671:in `connect'
activerecord (5.0.0.rc2) lib/active_record/connection_adapters/postgresql_adapter.rb:217:in `initialize'
activerecord (5.0.0.rc2) lib/active_record/connection_adapters/postgresql_adapter.rb:37:in `new'
activerecord (5.0.0.rc2) lib/active_record/connection_adapters/postgresql_adapter.rb:37:in `postgresql_connection'
activerecord (5.0.0.rc2) lib/active_record/connection_adapters/abstract/connection_pool.rb:721:in `new_connection'
activerecord (5.0.0.rc2) lib/active_record/connection_adapters/abstract/connection_pool.rb:765:in `checkout_new_connection'
activerecord (5.0.0.rc2) lib/active_record/connection_adapters/abstract/connection_pool.rb:744:in `try_to_checkout_new_connection'
activerecord (5.0.0.rc2) lib/active_record/connection_adapters/abstract/connection_pool.rb:705:in `acquire_connection'
activerecord (5.0.0.rc2) lib/active_record/connection_adapters/abstract/connection_pool.rb:501:in `checkout'
activerecord (5.0.0.rc2) lib/active_record/connection_adapters/abstract/connection_pool.rb:364:in `connection'
activerecord (5.0.0.rc2) lib/active_record/connection_adapters/abstract/connection_pool.rb:875:in `retrieve_connection'
activerecord (5.0.0.rc2) lib/active_record/connection_handling.rb:128:in `retrieve_connection'
activerecord (5.0.0.rc2) lib/active_record/connection_handling.rb:91:in `connection'
activerecord (5.0.0.rc2) lib/active_record/migration.rb:558:in `connection'
activerecord (5.0.0.rc2) lib/active_record/migration.rb:545:in `call'
actionpack (5.0.0.rc2) lib/action_dispatch/middleware/callbacks.rb:38:in `block in call'
activesupport (5.0.0.rc2) lib/active_support/callbacks.rb:97:in `__run_callbacks__'
activesupport (5.0.0.rc2) lib/active_support/callbacks.rb:750:in `_run_call_callbacks'
activesupport (5.0.0.rc2) lib/active_support/callbacks.rb:90:in `run_callbacks'
actionpack (5.0.0.rc2) lib/action_dispatch/middleware/callbacks.rb:36:in `call'
actionpack (5.0.0.rc2) lib/action_dispatch/middleware/executor.rb:12:in `call'
actionpack (5.0.0.rc2) lib/action_dispatch/middleware/remote_ip.rb:79:in `call'
actionpack (5.0.0.rc2) lib/action_dispatch/middleware/debug_exceptions.rb:49:in `call'
web-console (3.3.0) lib/web_console/middleware.rb:131:in `call_app'
web-console (3.3.0) lib/web_console/middleware.rb:28:in `block in call'
web-console (3.3.0) lib/web_console/middleware.rb:18:in `catch'
web-console (3.3.0) lib/web_console/middleware.rb:18:in `call'
actionpack (5.0.0.rc2) lib/action_dispatch/middleware/show_exceptions.rb:31:in `call'
railties (5.0.0.rc2) lib/rails/rack/logger.rb:36:in `call_app'
railties (5.0.0.rc2) lib/rails/rack/logger.rb:24:in `block in call'
activesupport (5.0.0.rc2) lib/active_support/tagged_logging.rb:70:in `block in tagged'
activesupport (5.0.0.rc2) lib/active_support/tagged_logging.rb:26:in `tagged'
activesupport (5.0.0.rc2) lib/active_support/tagged_logging.rb:70:in `tagged'
railties (5.0.0.rc2) lib/rails/rack/logger.rb:24:in `call'
sprockets-rails (3.1.1) lib/sprockets/rails/quiet_assets.rb:13:in `call'
actionpack (5.0.0.rc2) lib/action_dispatch/middleware/request_id.rb:24:in `call'
rack (2.0.0.rc1) lib/rack/method_override.rb:22:in `call'
rack (2.0.0.rc1) lib/rack/runtime.rb:22:in `call'
activesupport (5.0.0.rc2) lib/active_support/cache/strategy/local_cache_middleware.rb:28:in `call'
actionpack (5.0.0.rc2) lib/action_dispatch/middleware/executor.rb:12:in `call'
actionpack (5.0.0.rc2) lib/action_dispatch/middleware/static.rb:136:in `call'
rack (2.0.0.rc1) lib/rack/sendfile.rb:111:in `call'
railties (5.0.0.rc2) lib/rails/engine.rb:522:in `call'
puma (3.4.0) lib/puma/configuration.rb:224:in `call'
puma (3.4.0) lib/puma/server.rb:569:in `handle_request'
puma (3.4.0) lib/puma/server.rb:406:in `process_client'
puma (3.4.0) lib/puma/server.rb:271:in `block in run'
puma (3.4.0) lib/puma/thread_pool.rb:114:in `call'
puma (3.4.0) lib/puma/thread_pool.rb:114:in `block in spawn_thread'
  Rendering /Users/rasandei/.rvm/gems/ruby-2.2.3/gems/actionpack-5.0.0.rc2/lib/action_dispatch/middleware/templates/rescues/diagnostics.html.erb within rescues/layout
  Rendering /Users/rasandei/.rvm/gems/ruby-2.2.3/gems/actionpack-5.0.0.rc2/lib/action_dispatch/middleware/templates/rescues/_source.html.erb
  Rendered /Users/rasandei/.rvm/gems/ruby-2.2.3/gems/actionpack-5.0.0.rc2/lib/action_dispatch/middleware/templates/rescues/_source.html.erb (3.7ms)
  Rendering /Users/rasandei/.rvm/gems/ruby-2.2.3/gems/actionpack-5.0.0.rc2/lib/action_dispatch/middleware/templates/rescues/_trace.html.erb
  Rendered /Users/rasandei/.rvm/gems/ruby-2.2.3/gems/actionpack-5.0.0.rc2/lib/action_dispatch/middleware/templates/rescues/_trace.html.erb (3.3ms)
  Rendering /Users/rasandei/.rvm/gems/ruby-2.2.3/gems/actionpack-5.0.0.rc2/lib/action_dispatch/middleware/templates/rescues/_request_and_response.html.erb
  Rendered /Users/rasandei/.rvm/gems/ruby-2.2.3/gems/actionpack-5.0.0.rc2/lib/action_dispatch/middleware/templates/rescues/_request_and_response.html.erb (1.1ms)
  Rendered /Users/rasandei/.rvm/gems/ruby-2.2.3/gems/actionpack-5.0.0.rc2/lib/action_dispatch/middleware/templates/rescues/diagnostics.html.erb within rescues/layout (79.4ms)
Started GET "/" for ::1 at 2016-07-01 15:22:38 +0100
  [1m[36mActiveRecord::SchemaMigration Load (1.5ms)[0m  [1m[34mSELECT "schema_migrations".* FROM "schema_migrations"[0m
  [1m[35m (0.5ms)[0m  [1m[34mSELECT pg_try_advisory_lock(7613136024791283840);[0m
  [1m[36mActiveRecord::SchemaMigration Load (0.4ms)[0m  [1m[34mSELECT "schema_migrations".* FROM "schema_migrations"[0m
  [1m[36mActiveRecord::InternalMetadata Load (1.7ms)[0m  [1m[34mSELECT  "ar_internal_metadata".* FROM "ar_internal_metadata" WHERE "ar_internal_metadata"."key" = $1 LIMIT $2[0m  [["key", :environment], ["LIMIT", 1]]
  [1m[35m (0.1ms)[0m  [1m[35mBEGIN[0m
  [1m[35m (0.2ms)[0m  [1m[35mCOMMIT[0m
  [1m[35m (0.3ms)[0m  [1m[34mSELECT pg_advisory_unlock(7613136024791283840)[0m
  [1m[36mActiveRecord::SchemaMigration Load (0.2ms)[0m  [1m[34mSELECT "schema_migrations".* FROM "schema_migrations"[0m
  [1m[35m (2.2ms)[0m  [1m[34mSELECT t2.oid::regclass::text AS to_table, a1.attname AS column, a2.attname AS primary_key, c.conname AS name, c.confupdtype AS on_update, c.confdeltype AS on_delete
FROM pg_constraint c
JOIN pg_class t1 ON c.conrelid = t1.oid
JOIN pg_class t2 ON c.confrelid = t2.oid
JOIN pg_attribute a1 ON a1.attnum = c.conkey[1] AND a1.attrelid = t1.oid
JOIN pg_attribute a2 ON a2.attnum = c.confkey[1] AND a2.attrelid = t2.oid
JOIN pg_namespace t3 ON c.connamespace = t3.oid
WHERE c.contype = 'f'
  AND t1.relname = 'ventures'
  AND t3.nspname = ANY (current_schemas(false))
ORDER BY c.conname
[0m
Started GET "/" for ::1 at 2016-07-01 15:23:20 +0100
  [1m[36mActiveRecord::SchemaMigration Load (0.5ms)[0m  [1m[34mSELECT "schema_migrations".* FROM "schema_migrations"[0m
Processing by Rails::WelcomeController#index as HTML
  Parameters: {"internal"=>true}
  Rendering /Users/rasandei/.rvm/gems/ruby-2.2.3/gems/railties-5.0.0.rc2/lib/rails/templates/rails/welcome/index.html.erb
  Rendered /Users/rasandei/.rvm/gems/ruby-2.2.3/gems/railties-5.0.0.rc2/lib/rails/templates/rails/welcome/index.html.erb (4.4ms)
Completed 200 OK in 21ms (Views: 10.1ms | ActiveRecord: 0.0ms)


Started GET "/ventures" for ::1 at 2016-07-01 15:23:26 +0100
Processing by VenturesController#index as HTML
  Rendering ventures/index.html.erb within layouts/application
  [1m[36mVenture Load (0.7ms)[0m  [1m[34mSELECT "ventures".* FROM "ventures"[0m
  Rendered ventures/index.html.erb within layouts/application (7.7ms)
Completed 200 OK in 276ms (Views: 268.2ms | ActiveRecord: 1.8ms)


Started GET "/ventures/new" for ::1 at 2016-07-01 15:23:28 +0100
Processing by VenturesController#new as HTML
  Rendering ventures/new.html.erb within layouts/application
  Rendered ventures/_form.html.erb (18.2ms)
  Rendered ventures/new.html.erb within layouts/application (21.0ms)
Completed 200 OK in 57ms (Views: 37.7ms | ActiveRecord: 4.3ms)


Started GET "/ventures" for ::1 at 2016-07-04 14:48:31 +0100
  [1m[36mActiveRecord::SchemaMigration Load (0.7ms)[0m  [1m[34mSELECT "schema_migrations".* FROM "schema_migrations"[0m
Processing by VenturesController#index as HTML
  Rendering ventures/index.html.erb within layouts/application
  [1m[36mVenture Load (0.4ms)[0m  [1m[34mSELECT "ventures".* FROM "ventures"[0m
  Rendered ventures/index.html.erb within layouts/application (16.5ms)
Completed 200 OK in 529ms (Views: 513.4ms | ActiveRecord: 3.0ms)


Started GET "/ventures" for ::1 at 2016-07-04 14:48:46 +0100
Processing by VenturesController#index as HTML
  Rendering ventures/index.html.erb within layouts/application
  [1m[36mVenture Load (0.4ms)[0m  [1m[34mSELECT "ventures".* FROM "ventures"[0m
  Rendered ventures/index.html.erb within layouts/application (3.9ms)
Completed 200 OK in 45ms (Views: 43.0ms | ActiveRecord: 0.4ms)


Started GET "/ventures/new" for ::1 at 2016-07-04 14:49:52 +0100
Processing by VenturesController#new as HTML
  Rendering ventures/new.html.erb within layouts/application
  Rendered ventures/_form.html.erb (21.5ms)
  Rendered ventures/new.html.erb within layouts/application (24.7ms)
Completed 200 OK in 118ms (Views: 113.6ms | ActiveRecord: 0.0ms)


Started GET "/ventures/1" for ::1 at 2016-07-04 14:59:16 +0100
  [1m[36mActiveRecord::SchemaMigration Load (0.4ms)[0m  [1m[34mSELECT "schema_migrations".* FROM "schema_migrations"[0m
Processing by VenturesController#show as HTML
  Parameters: {"id"=>"1"}
  [1m[36mVenture Load (0.7ms)[0m  [1m[34mSELECT  "ventures".* FROM "ventures" WHERE "ventures"."id" = $1 LIMIT $2[0m  [["id", 1], ["LIMIT", 1]]
  Rendering ventures/show.html.erb within layouts/application
  Rendered ventures/show.html.erb within layouts/application (4.0ms)
Completed 200 OK in 377ms (Views: 348.4ms | ActiveRecord: 4.3ms)


Started GET "/ventures" for ::1 at 2016-07-04 14:59:19 +0100
Processing by VenturesController#index as HTML
  Rendering ventures/index.html.erb within layouts/application
  [1m[36mVenture Load (1.5ms)[0m  [1m[34mSELECT "ventures".* FROM "ventures"[0m
  Rendered ventures/index.html.erb within layouts/application (6.5ms)
Completed 200 OK in 52ms (Views: 47.6ms | ActiveRecord: 1.5ms)


Started GET "/ventures/1/edit" for ::1 at 2016-07-04 14:59:20 +0100
Processing by VenturesController#edit as HTML
  Parameters: {"id"=>"1"}
  [1m[36mVenture Load (2.2ms)[0m  [1m[34mSELECT  "ventures".* FROM "ventures" WHERE "ventures"."id" = $1 LIMIT $2[0m  [["id", 1], ["LIMIT", 1]]
  Rendering ventures/edit.html.erb within layouts/application
  Rendered ventures/_form.html.erb (14.4ms)
  Rendered ventures/edit.html.erb within layouts/application (16.4ms)
Completed 200 OK in 67ms (Views: 57.2ms | ActiveRecord: 2.2ms)


Started GET "/ventures" for ::1 at 2016-07-04 15:02:04 +0100
Processing by VenturesController#index as HTML
  Rendering ventures/index.html.erb within layouts/application
  [1m[36mVenture Load (0.3ms)[0m  [1m[34mSELECT "ventures".* FROM "ventures"[0m
  Rendered ventures/index.html.erb within layouts/application (1.8ms)
Completed 200 OK in 67ms (Views: 64.9ms | ActiveRecord: 0.3ms)


  [1m[36mActiveRecord::SchemaMigration Load (0.4ms)[0m  [1m[34mSELECT "schema_migrations".* FROM "schema_migrations"[0m
  [1m[36mActiveRecord::SchemaMigration Load (0.4ms)[0m  [1m[34mSELECT "schema_migrations".* FROM "schema_migrations"[0m
  [1m[35m (0.1ms)[0m  [1m[35mBEGIN[0m
  [1m[35mSQL (0.9ms)[0m  [1m[32mINSERT INTO "ventures" ("name", "website", "description", "country", "price_range", "created_at", "updated_at") VALUES ($1, $2, $3, $4, $5, $6, $7) RETURNING "id"[0m  [["name", "Threads of Peru"], ["website", "http://threadsofperu.com/shop/"], ["description", "Threads of Peru is a not-for-profit social enterprise that connects the world to handmade treasures of the Andes helping to strengthen ancient craft techniques and empower artisans."], ["country", "PE"], ["price_range", "10-500"], ["created_at", 2016-07-04 14:14:09 UTC], ["updated_at", 2016-07-04 14:14:09 UTC]]
  [1m[35m (0.5ms)[0m  [1m[35mCOMMIT[0m
  [1m[35m (0.1ms)[0m  [1m[35mBEGIN[0m
  [1m[35mSQL (0.2ms)[0m  [1m[32mINSERT INTO "ventures" ("name", "website", "description", "country", "price_range", "created_at", "updated_at") VALUES ($1, $2, $3, $4, $5, $6, $7) RETURNING "id"[0m  [["name", "Beyond Beanie"], ["website", "http://beyondbeanie.org/"], ["description", "beyondBeanie is an up-and-coming social clothing company that makes awesome beanies and accessories. Every time you make a purchase, you are supporting the work of a talented artisan in Bolivia who proudly hand-signs her work while helping to provide meals, school supplies, school uniforms and dental care to children in need"], ["country", "CH"], ["price_range", "3-38"], ["created_at", 2016-07-04 14:14:09 UTC], ["updated_at", 2016-07-04 14:14:09 UTC]]
  [1m[35m (0.3ms)[0m  [1m[35mCOMMIT[0m
  [1m[35m (0.1ms)[0m  [1m[35mBEGIN[0m
  [1m[35mSQL (0.2ms)[0m  [1m[32mINSERT INTO "ventures" ("name", "website", "description", "country", "price_range", "created_at", "updated_at") VALUES ($1, $2, $3, $4, $5, $6, $7) RETURNING "id"[0m  [["name", "Pachacuti"], ["website", "http://www.panamas.co.uk/"], ["description", "Pachacuti supports hundreds of rural women in the Andean region through fair wages, training, investment, loans, healthcare, childcare and year-round employment."], ["country", "UK"], ["price_range", "57.50-429"], ["created_at", 2016-07-04 14:14:09 UTC], ["updated_at", 2016-07-04 14:14:09 UTC]]
  [1m[35m (0.2ms)[0m  [1m[35mCOMMIT[0m
  [1m[35m (0.1ms)[0m  [1m[35mBEGIN[0m
  [1m[35mSQL (0.2ms)[0m  [1m[32mINSERT INTO "ventures" ("name", "website", "description", "country", "price_range", "created_at", "updated_at") VALUES ($1, $2, $3, $4, $5, $6, $7) RETURNING "id"[0m  [["name", "Patagonia"], ["website", "patagonia.com"], ["description", "Patagonia produces clothing and accessories for outdoor activities, with a focus on organic and recycled fabrics. It gives 1% of sales to the preservation and restoration of the natural environment, and has given over $30m so far."], ["country", "US"], ["price_range", "7-700"], ["created_at", 2016-07-04 14:14:09 UTC], ["updated_at", 2016-07-04 14:14:09 UTC]]
  [1m[35m (0.3ms)[0m  [1m[35mCOMMIT[0m
  [1m[35m (0.1ms)[0m  [1m[35mBEGIN[0m
  [1m[35mSQL (0.2ms)[0m  [1m[32mINSERT INTO "ventures" ("name", "website", "description", "country", "price_range", "created_at", "updated_at") VALUES ($1, $2, $3, $4, $5, $6, $7) RETURNING "id"[0m  [["name", "National Geographic Store"], ["website", "http://shop.nationalgeographic.com/"], ["description", "Clothing, Gifts, Books etc. Since its inception in 1888, the National Geographic Society has given more than 11,000 grants supporting exploration, conservation, cultural preservation and education. We partner with artisans from economically and politically unstable areas of the world, providing them with incomes while preserving unique techniques and traditions."], ["country", "US"], ["price_range", "5 - 1000"], ["created_at", 2016-07-04 14:14:09 UTC], ["updated_at", 2016-07-04 14:14:09 UTC]]
  [1m[35m (0.3ms)[0m  [1m[35mCOMMIT[0m
  [1m[35m (0.1ms)[0m  [1m[35mBEGIN[0m
  [1m[35mSQL (0.3ms)[0m  [1m[32mINSERT INTO "ventures" ("name", "website", "description", "country", "price_range", "created_at", "updated_at") VALUES ($1, $2, $3, $4, $5, $6, $7) RETURNING "id"[0m  [["name", "Nomads"], ["website", "http://www.nomadsclothing.com/"], ["description", "A percentage of Nomads profits are used to support TAMWED, a non-profit charity based in south India."], ["country", "UK"], ["price_range", "17.50-170"], ["created_at", 2016-07-04 14:14:09 UTC], ["updated_at", 2016-07-04 14:14:09 UTC]]
  [1m[35m (0.2ms)[0m  [1m[35mCOMMIT[0m
  [1m[35m (0.1ms)[0m  [1m[35mBEGIN[0m
  [1m[35mSQL (0.2ms)[0m  [1m[32mINSERT INTO "ventures" ("name", "website", "description", "country", "price_range", "created_at", "updated_at") VALUES ($1, $2, $3, $4, $5, $6, $7) RETURNING "id"[0m  [["name", "Namaste"], ["website", "http://www.namaste-uk.com/"], ["description", "We aim to buy from small scale producers who use largely natural materials and traditional techniques to produce beautiful and interesting articles. Namaste supports the Esther Benjamins Trust (www.ebtrust.org.uk)."], ["country", "UK"], ["price_range", "2-329"], ["created_at", 2016-07-04 14:14:09 UTC], ["updated_at", 2016-07-04 14:14:09 UTC]]
  [1m[35m (0.2ms)[0m  [1m[35mCOMMIT[0m
  [1m[35m (0.1ms)[0m  [1m[35mBEGIN[0m
  [1m[35mSQL (0.3ms)[0m  [1m[32mINSERT INTO "ventures" ("name", "website", "description", "country", "price_range", "created_at", "updated_at") VALUES ($1, $2, $3, $4, $5, $6, $7) RETURNING "id"[0m  [["name", "Komodo"], ["website", "http://www.komodo.co.uk/"], ["description", "Komodo has been a pioneer brand, promoting the use and development of Organic Cotton, Hemp, Bamboo, Tencel and other natural fibres since the early 90s. We also try to fund good projects we believe in with sustainable support and we promote good practice to all those we can reach."], ["country", "UK"], ["price_range", "14-165"], ["created_at", 2016-07-04 14:14:09 UTC], ["updated_at", 2016-07-04 14:14:09 UTC]]
  [1m[35m (0.3ms)[0m  [1m[35mCOMMIT[0m
  [1m[35m (0.1ms)[0m  [1m[35mBEGIN[0m
  [1m[35mSQL (0.2ms)[0m  [1m[32mINSERT INTO "ventures" ("name", "website", "description", "country", "price_range", "created_at", "updated_at") VALUES ($1, $2, $3, $4, $5, $6, $7) RETURNING "id"[0m  [["name", "Eternal Creation"], ["website", "http://www.eternalcreation.com/"], ["description", "All our products are made in a supportive working environment with fair pay, putting the lives of the tailors first. Winners of the 2013 Source Award for Sustainable Childrenswear, we work with Tibetan refugees & local Indians in a supportive & fun environment in the Indian Himalayas."], ["country", "IN"], ["price_range", "5-93.60"], ["created_at", 2016-07-04 14:14:09 UTC], ["updated_at", 2016-07-04 14:14:09 UTC]]
  [1m[35m (0.3ms)[0m  [1m[35mCOMMIT[0m
  [1m[35m (0.2ms)[0m  [1m[35mBEGIN[0m
  [1m[35mSQL (0.3ms)[0m  [1m[32mINSERT INTO "ventures" ("name", "website", "description", "country", "price_range", "created_at", "updated_at") VALUES ($1, $2, $3, $4, $5, $6, $7) RETURNING "id"[0m  [["name", "Conscious Elegance"], ["website", "http://consciouselegance.com/"], ["description", "The silk we use in our designs is either new hempsilk or reclaimed silk, harvested from unwanted dresses which would eventually end up in a landfill."], ["country", "US"], ["price_range", "15-990"], ["created_at", 2016-07-04 14:14:09 UTC], ["updated_at", 2016-07-04 14:14:09 UTC]]
  [1m[35m (0.2ms)[0m  [1m[35mCOMMIT[0m
  [1m[35m (0.1ms)[0m  [1m[35mBEGIN[0m
  [1m[35mSQL (0.2ms)[0m  [1m[32mINSERT INTO "ventures" ("name", "website", "description", "country", "price_range", "created_at", "updated_at") VALUES ($1, $2, $3, $4, $5, $6, $7) RETURNING "id"[0m  [["name", "Beaumont Organic"], ["website", "http://www.beaumontorganic.com/"], ["description", "Fairtrade + 1% to their own foundation"], ["country", "UK"], ["price_range", "10-460"], ["created_at", 2016-07-04 14:14:09 UTC], ["updated_at", 2016-07-04 14:14:09 UTC]]
  [1m[35m (0.3ms)[0m  [1m[35mCOMMIT[0m
  [1m[35m (0.1ms)[0m  [1m[35mBEGIN[0m
  [1m[35mSQL (0.3ms)[0m  [1m[32mINSERT INTO "ventures" ("name", "website", "description", "country", "price_range", "created_at", "updated_at") VALUES ($1, $2, $3, $4, $5, $6, $7) RETURNING "id"[0m  [["name", "Annie Greenabelle"], ["website", "http://www.anniegreenabelle.com/"], ["description", "We source our organic certified yarn from India through a factory run by Franciscan nuns who through their business help girls who are deaf, dumb or very poor. They provide a safe haven for these girls to work in and pay them a fair wage along with a lump sum at the end of five years which often helps them set up a home or alternatively a small business of their own."], ["country", "UK"], ["price_range", "5.70-71.31"], ["created_at", 2016-07-04 14:14:09 UTC], ["updated_at", 2016-07-04 14:14:09 UTC]]
  [1m[35m (0.2ms)[0m  [1m[35mCOMMIT[0m
  [1m[35m (0.1ms)[0m  [1m[35mBEGIN[0m
  [1m[35mSQL (0.2ms)[0m  [1m[32mINSERT INTO "ventures" ("name", "website", "description", "country", "price_range", "created_at", "updated_at") VALUES ($1, $2, $3, $4, $5, $6, $7) RETURNING "id"[0m  [["name", "Surfers Against Sewage"], ["website", "http://www.sas.org.uk/shop/"], ["description", "Organic clothes + an environmental charity protecting the UK’s oceans, waves and beaches for all to enjoy safely and sustainably, via community action, campaigning, volunteering, conservation, education and scientific research."], ["country", "UK"], ["price_range", "15-60"], ["created_at", 2016-07-04 14:14:09 UTC], ["updated_at", 2016-07-04 14:14:09 UTC]]
  [1m[35m (0.2ms)[0m  [1m[35mCOMMIT[0m
  [1m[35m (0.1ms)[0m  [1m[35mBEGIN[0m
  [1m[35mSQL (0.2ms)[0m  [1m[32mINSERT INTO "ventures" ("name", "website", "description", "country", "price_range", "created_at", "updated_at") VALUES ($1, $2, $3, $4, $5, $6, $7) RETURNING "id"[0m  [["name", "JC Denim Co."], ["website", "http://jcdenimco.com/about/"], ["description", "Handcrafted jeans made by girls who have been rescued out of sexual exploitation. Not for profit."], ["country", "AUS"], ["price_range", "13-100"], ["created_at", 2016-07-04 14:14:09 UTC], ["updated_at", 2016-07-04 14:14:09 UTC]]
  [1m[35m (0.3ms)[0m  [1m[35mCOMMIT[0m
  [1m[35m (0.1ms)[0m  [1m[35mBEGIN[0m
  [1m[35mSQL (0.3ms)[0m  [1m[32mINSERT INTO "ventures" ("name", "website", "description", "country", "price_range", "created_at", "updated_at") VALUES ($1, $2, $3, $4, $5, $6, $7) RETURNING "id"[0m  [["name", "Monkee Genes"], ["website", "http://www.monkeegenes.com/"], ["description", "Part of Stop Taking the Pennies with profits going towards raising awareness on the true cost of fast fashion and the thirst for ever cheaper clothing. This will be done via a variety of methods, including educational trips, workshops, lectures, talks and road shows. Also involved in the Save the Bees campaign"], ["country", "UK"], ["price_range", "3.50-70"], ["created_at", 2016-07-04 14:14:09 UTC], ["updated_at", 2016-07-04 14:14:09 UTC]]
  [1m[35m (0.3ms)[0m  [1m[35mCOMMIT[0m
  [1m[35m (0.1ms)[0m  [1m[35mBEGIN[0m
  [1m[35mSQL (0.3ms)[0m  [1m[32mINSERT INTO "ventures" ("name", "website", "description", "country", "price_range", "created_at", "updated_at") VALUES ($1, $2, $3, $4, $5, $6, $7) RETURNING "id"[0m  [["name", "Kuyichi"], ["website", "https://www.kuyichi.com/"], ["description", "Organic/Recycled materials. Kuyichi supports the Ubuntu Academy, a school for arts, entrepreneurship & leadership in Cape Town, South Africa."], ["country", "NL"], ["price_range", "14-380"], ["created_at", 2016-07-04 14:14:09 UTC], ["updated_at", 2016-07-04 14:14:09 UTC]]
  [1m[35m (0.2ms)[0m  [1m[35mCOMMIT[0m
  [1m[35m (0.1ms)[0m  [1m[35mBEGIN[0m
  [1m[35mSQL (0.3ms)[0m  [1m[32mINSERT INTO "ventures" ("name", "website", "description", "country", "price_range", "created_at", "updated_at") VALUES ($1, $2, $3, $4, $5, $6, $7) RETURNING "id"[0m  [["name", "Howies"], ["website", "http://www.howies.co.uk/"], ["description", "A range of products from bike wear to sweaters and denim. Howie's is all about sustainable quality and making products that last with environmentally friendly materials."], ["country", "UK"], ["price_range", "4-150"], ["created_at", 2016-07-04 14:14:09 UTC], ["updated_at", 2016-07-04 14:14:09 UTC]]
  [1m[35m (0.3ms)[0m  [1m[35mCOMMIT[0m
  [1m[35m (0.1ms)[0m  [1m[35mBEGIN[0m
  [1m[35mSQL (0.2ms)[0m  [1m[32mINSERT INTO "ventures" ("name", "website", "description", "country", "price_range", "created_at", "updated_at") VALUES ($1, $2, $3, $4, $5, $6, $7) RETURNING "id"[0m  [["name", "Mud Jeans"], ["website", "http://www.mudjeans.eu/"], ["description", "Send your jeans back when you don’t wear them any longer. We reuse all materials, while you can switch to a new pair. Returned jeans are upcycled and transformed into one-of-a-kind vintage pieces. Or, when they are beyond repair, the jeans are recycled into new items. This is how we create our own circle of denim products."], ["country", "NL"], ["price_range", "20-70"], ["created_at", 2016-07-04 14:14:09 UTC], ["updated_at", 2016-07-04 14:14:09 UTC]]
  [1m[35m (0.3ms)[0m  [1m[35mCOMMIT[0m
  [1m[35m (0.1ms)[0m  [1m[35mBEGIN[0m
  [1m[35mSQL (0.3ms)[0m  [1m[32mINSERT INTO "ventures" ("name", "website", "description", "country", "price_range", "created_at", "updated_at") VALUES ($1, $2, $3, $4, $5, $6, $7) RETURNING "id"[0m  [["name", "Untouched World"], ["website", "http://www.untouchedworld.com/"], ["description", "A percentage of every Untouched World purchase goes directly to the Untouched World Charitable Trust (UWCT). The Trust, set up back in 2000, delivers ground-breaking programmes for students across New Zealand focussed on leadership toward a sustainable future. The first fashion company in the world to be recognised by the United Nations for sustainability."], ["country", "NZ"], ["price_range", "10-350"], ["created_at", 2016-07-04 14:14:09 UTC], ["updated_at", 2016-07-04 14:14:09 UTC]]
  [1m[35m (0.3ms)[0m  [1m[35mCOMMIT[0m
  [1m[35m (0.1ms)[0m  [1m[35mBEGIN[0m
  [1m[35mSQL (0.2ms)[0m  [1m[32mINSERT INTO "ventures" ("name", "website", "description", "country", "price_range", "created_at", "updated_at") VALUES ($1, $2, $3, $4, $5, $6, $7) RETURNING "id"[0m  [["name", "Green Fibers"], ["website", "http://www.greenfibres.com/"], ["description", "Organic cotton clothes, bedware etc. + they donate 10%to charities"], ["country", "UK"], ["price_range", "9 - 1000"], ["created_at", 2016-07-04 14:14:09 UTC], ["updated_at", 2016-07-04 14:14:09 UTC]]
  [1m[35m (0.3ms)[0m  [1m[35mCOMMIT[0m
  [1m[35m (0.1ms)[0m  [1m[35mBEGIN[0m
  [1m[35mSQL (0.3ms)[0m  [1m[32mINSERT INTO "ventures" ("name", "website", "description", "country", "price_range", "created_at", "updated_at") VALUES ($1, $2, $3, $4, $5, $6, $7) RETURNING "id"[0m  [["name", "Pants to Poverty"], ["website", "http://www.pantstopoverty.com/"], ["description", "Working with world leading economists, academics and business leaders, and in partnership with our value chain partners, we have measured all of the impacts – from cotton to bottom – and given them a financial value.  For the first time ever, we have then integrated the real social, environmental and financial profit or loss we create into the profit and loss statements of the farmer village and company, the factory, and our brand!"], ["country", "UK"], ["price_range", "5 - 15"], ["created_at", 2016-07-04 14:14:09 UTC], ["updated_at", 2016-07-04 14:14:09 UTC]]
  [1m[35m (0.2ms)[0m  [1m[35mCOMMIT[0m
  [1m[35m (0.1ms)[0m  [1m[35mBEGIN[0m
  [1m[35mSQL (0.2ms)[0m  [1m[32mINSERT INTO "ventures" ("name", "website", "description", "country", "price_range", "created_at", "updated_at") VALUES ($1, $2, $3, $4, $5, $6, $7) RETURNING "id"[0m  [["name", "Samatoa"], ["website", "http://www.samatoa.com/PrestaShop/"], ["description", "Samatoa was founded in Cambodia in 2003 on the three pillars of sustainable development : economic efficiency, social equity and protection of the environment. Part of the benefits have been used since 2006 to create a collective health insurance fund for all staff."], ["country", "KH"], ["price_range", "?"], ["created_at", 2016-07-04 14:14:09 UTC], ["updated_at", 2016-07-04 14:14:09 UTC]]
  [1m[35m (0.2ms)[0m  [1m[35mCOMMIT[0m
  [1m[35m (0.1ms)[0m  [1m[35mBEGIN[0m
  [1m[35mSQL (0.3ms)[0m  [1m[32mINSERT INTO "ventures" ("name", "website", "description", "country", "price_range", "created_at", "updated_at") VALUES ($1, $2, $3, $4, $5, $6, $7) RETURNING "id"[0m  [["name", "Saf Clothing"], ["website", "http://www.safclothing.com/"], ["description", "Organic clothing, ethically made. We’re working in partnership and investing back into the cotton producer and manufacturer communities where Saf clothing is made, with a special mission to support children who have been affected by child labour."], ["country", "UK"], ["price_range", "6.99 - 17.72"], ["created_at", 2016-07-04 14:14:09 UTC], ["updated_at", 2016-07-04 14:14:09 UTC]]
  [1m[35m (0.3ms)[0m  [1m[35mCOMMIT[0m
  [1m[35m (0.1ms)[0m  [1m[35mBEGIN[0m
  [1m[35mSQL (0.3ms)[0m  [1m[32mINSERT INTO "ventures" ("name", "website", "description", "country", "price_range", "created_at", "updated_at") VALUES ($1, $2, $3, $4, $5, $6, $7) RETURNING "id"[0m  [["name", "Conscious Step"], ["website", "http://consciousstep.com/"], ["description", "Socks that fight hunger"], ["country", "US"], ["price_range", "10-36"], ["created_at", 2016-07-04 14:14:09 UTC], ["updated_at", 2016-07-04 14:14:09 UTC]]
  [1m[35m (0.2ms)[0m  [1m[35mCOMMIT[0m
  [1m[35m (0.1ms)[0m  [1m[35mBEGIN[0m
  [1m[35mSQL (0.6ms)[0m  [1m[32mINSERT INTO "ventures" ("name", "website", "description", "country", "price_range", "created_at", "updated_at") VALUES ($1, $2, $3, $4, $5, $6, $7) RETURNING "id"[0m  [["name", "Zoozoo2"], ["website", "http://www.zoozoo2.org/"], ["description", "100% Organic with 90% Reduced CO2 Footprint t-shirts. Every purchase made on the ZooZoo2 website donates to our featured charity of the week."], ["country", "UK"], ["price_range", "15-27"], ["created_at", 2016-07-04 14:14:09 UTC], ["updated_at", 2016-07-04 14:14:09 UTC]]
  [1m[35m (0.2ms)[0m  [1m[35mCOMMIT[0m
  [1m[35m (0.1ms)[0m  [1m[35mBEGIN[0m
  [1m[35mSQL (0.2ms)[0m  [1m[32mINSERT INTO "ventures" ("name", "website", "description", "country", "price_range", "created_at", "updated_at") VALUES ($1, $2, $3, $4, $5, $6, $7) RETURNING "id"[0m  [["name", "Wildlife Works"], ["website", "http://shop.wildlifeworks.com/"], ["description", "Welcome to Wildlife Works, where every dollar spent on our products goes directly to job creation and community development in rural communities around the world."], ["country", "US"], ["price_range", "8-65"], ["created_at", 2016-07-04 14:14:09 UTC], ["updated_at", 2016-07-04 14:14:09 UTC]]
  [1m[35m (0.2ms)[0m  [1m[35mCOMMIT[0m
  [1m[35m (0.1ms)[0m  [1m[35mBEGIN[0m
  [1m[35mSQL (0.2ms)[0m  [1m[32mINSERT INTO "ventures" ("name", "website", "description", "country", "price_range", "created_at", "updated_at") VALUES ($1, $2, $3, $4, $5, $6, $7) RETURNING "id"[0m  [["name", "Rapanui"], ["website", "https://rapanuiclothing.com/"], ["description", "Every product they design and produce is made from organic or recycled materials in an ethically accredited, wind powered factory. They also try to fix youth unemployment on the Isle of Wight, and pay reasonable wages in manufacturing."], ["country", "UK"], ["price_range", "15-60"], ["created_at", 2016-07-04 14:14:09 UTC], ["updated_at", 2016-07-04 14:14:09 UTC]]
  [1m[35m (0.2ms)[0m  [1m[35mCOMMIT[0m
  [1m[35m (0.1ms)[0m  [1m[35mBEGIN[0m
  [1m[35mSQL (0.3ms)[0m  [1m[32mINSERT INTO "ventures" ("name", "website", "description", "country", "price_range", "created_at", "updated_at") VALUES ($1, $2, $3, $4, $5, $6, $7) RETURNING "id"[0m  [["name", "Feral International"], ["website", "http://www.feralinternational.com/index.html"], ["description", "Organic tees. We pledge 100% of profits to projects that offset greenhouse gases, or stop them being created in the first place. At least 10% will go to The Climate Group and the rest to other organisations or projects that can prove effective results."], ["country", "0"], ["price_range", "0"], ["created_at", 2016-07-04 14:14:09 UTC], ["updated_at", 2016-07-04 14:14:09 UTC]]
  [1m[35m (0.2ms)[0m  [1m[35mCOMMIT[0m
  [1m[35m (0.1ms)[0m  [1m[35mBEGIN[0m
  [1m[35mSQL (0.2ms)[0m  [1m[32mINSERT INTO "ventures" ("name", "website", "description", "country", "price_range", "created_at", "updated_at") VALUES ($1, $2, $3, $4, $5, $6, $7) RETURNING "id"[0m  [["name", "Ethical Threads"], ["website", "http://www.ethicalthreads.co.uk/index.aspx"], ["description", "Any surplus profits help finance grass-roots trades unionism and ethical campaigns around the world."], ["country", "0"], ["price_range", "0"], ["created_at", 2016-07-04 14:14:09 UTC], ["updated_at", 2016-07-04 14:14:09 UTC]]
  [1m[35m (0.2ms)[0m  [1m[35mCOMMIT[0m
  [1m[35m (0.1ms)[0m  [1m[35mBEGIN[0m
  [1m[35mSQL (0.2ms)[0m  [1m[32mINSERT INTO "ventures" ("name", "website", "description", "country", "price_range", "created_at", "updated_at") VALUES ($1, $2, $3, $4, $5, $6, $7) RETURNING "id"[0m  [["name", "From Babies with Love"], ["website", "https://www.frombabieswithlove.org/"], ["description", "0"], ["country", "0"], ["price_range", "0"], ["created_at", 2016-07-04 14:14:09 UTC], ["updated_at", 2016-07-04 14:14:09 UTC]]
  [1m[35m (0.2ms)[0m  [1m[35mCOMMIT[0m
  [1m[35m (0.1ms)[0m  [1m[35mBEGIN[0m
  [1m[35mSQL (0.2ms)[0m  [1m[32mINSERT INTO "ventures" ("name", "website", "description", "country", "price_range", "created_at", "updated_at") VALUES ($1, $2, $3, $4, $5, $6, $7) RETURNING "id"[0m  [["name", "Animal Tails"], ["website", "http://www.animaltails.co.uk/default.asp"], ["description", "Chlidren's clothing and mugs with proceeds going to WWF"], ["country", "0"], ["price_range", "0"], ["created_at", 2016-07-04 14:14:09 UTC], ["updated_at", 2016-07-04 14:14:09 UTC]]
  [1m[35m (0.2ms)[0m  [1m[35mCOMMIT[0m
  [1m[35m (0.1ms)[0m  [1m[35mBEGIN[0m
  [1m[35mSQL (0.2ms)[0m  [1m[32mINSERT INTO "ventures" ("name", "website", "description", "country", "price_range", "created_at", "updated_at") VALUES ($1, $2, $3, $4, $5, $6, $7) RETURNING "id"[0m  [["name", "Frugi"], ["website", "https://www.welovefrugi.com/"], ["description", "Organic clothes + lots of donations to charity"], ["country", "0"], ["price_range", "0"], ["created_at", 2016-07-04 14:14:09 UTC], ["updated_at", 2016-07-04 14:14:09 UTC]]
  [1m[35m (0.2ms)[0m  [1m[35mCOMMIT[0m
  [1m[35m (0.1ms)[0m  [1m[35mBEGIN[0m
  [1m[35mSQL (0.2ms)[0m  [1m[32mINSERT INTO "ventures" ("name", "website", "description", "country", "price_range", "created_at", "updated_at") VALUES ($1, $2, $3, $4, $5, $6, $7) RETURNING "id"[0m  [["name", "La Queue du Chat"], ["website", "http://www.laqueueduchat.com/en/"], ["description", "Beyond our commitment to ensure fairetrade practices all along the production chain we support projects that benefit the community. In India we are currently assisting an orphanage by contributing to its rent payments in the locality where our baby clothes are manufactured"], ["country", "0"], ["price_range", "0"], ["created_at", 2016-07-04 14:14:09 UTC], ["updated_at", 2016-07-04 14:14:09 UTC]]
  [1m[35m (0.2ms)[0m  [1m[35mCOMMIT[0m
  [1m[35m (0.1ms)[0m  [1m[35mBEGIN[0m
  [1m[35mSQL (0.3ms)[0m  [1m[32mINSERT INTO "ventures" ("name", "website", "description", "country", "price_range", "created_at", "updated_at") VALUES ($1, $2, $3, $4, $5, $6, $7) RETURNING "id"[0m  [["name", "Planet Shoes"], ["website", "http://www.planetshoes.com/eco"], ["description", "0"], ["country", "0"], ["price_range", "0"], ["created_at", 2016-07-04 14:14:09 UTC], ["updated_at", 2016-07-04 14:14:09 UTC]]
  [1m[35m (0.3ms)[0m  [1m[35mCOMMIT[0m
  [1m[35m (0.1ms)[0m  [1m[35mBEGIN[0m
  [1m[35mSQL (0.2ms)[0m  [1m[32mINSERT INTO "ventures" ("name", "website", "description", "country", "price_range", "created_at", "updated_at") VALUES ($1, $2, $3, $4, $5, $6, $7) RETURNING "id"[0m  [["name", "Green Shoes"], ["website", "http://www.greenshoes.co.uk/"], ["description", "By hand making shoes we can combine the best of traditional skills with contemporary design. The energy requirements of our workshop are low, we keep waste to a minimum, try to source all our materials from suppliers within the UK, boost the local economy by providing jobs and don't go mad on packaging."], ["country", "0"], ["price_range", "0"], ["created_at", 2016-07-04 14:14:09 UTC], ["updated_at", 2016-07-04 14:14:09 UTC]]
  [1m[35m (0.2ms)[0m  [1m[35mCOMMIT[0m
  [1m[35m (0.1ms)[0m  [1m[35mBEGIN[0m
  [1m[35mSQL (0.2ms)[0m  [1m[32mINSERT INTO "ventures" ("name", "website", "description", "country", "price_range", "created_at", "updated_at") VALUES ($1, $2, $3, $4, $5, $6, $7) RETURNING "id"[0m  [["name", "Vegetarian Shoes"], ["website", "http://www.vegetarian-shoes.co.uk/"], ["description", "0"], ["country", "0"], ["price_range", "0"], ["created_at", 2016-07-04 14:14:09 UTC], ["updated_at", 2016-07-04 14:14:09 UTC]]
  [1m[35m (0.2ms)[0m  [1m[35mCOMMIT[0m
  [1m[35m (0.1ms)[0m  [1m[35mBEGIN[0m
  [1m[35mSQL (0.2ms)[0m  [1m[32mINSERT INTO "ventures" ("name", "website", "description", "country", "price_range", "created_at", "updated_at") VALUES ($1, $2, $3, $4, $5, $6, $7) RETURNING "id"[0m  [["name", "Sseko Designs"], ["website", "http://ssekodesigns.com/"], ["description", "Sseko Designs is an ethical fashion brand that hires high potential women in Uganda to make sandals & bags to enable them to earn money through dignified employment that will go directly towards their college educations and ensure they will continue pursuing their dreams."], ["country", "0"], ["price_range", "0"], ["created_at", 2016-07-04 14:14:09 UTC], ["updated_at", 2016-07-04 14:14:09 UTC]]
  [1m[35m (0.2ms)[0m  [1m[35mCOMMIT[0m
  [1m[35m (0.2ms)[0m  [1m[35mBEGIN[0m
  [1m[35mSQL (0.3ms)[0m  [1m[32mINSERT INTO "ventures" ("name", "website", "description", "country", "price_range", "created_at", "updated_at") VALUES ($1, $2, $3, $4, $5, $6, $7) RETURNING "id"[0m  [["name", "Cri de Coeur"], ["website", "http://cridecoeur.myshopify.com/"], ["description", "Shoes & bags made with highest quality vegan materials – including Ultrasuede made from recycled plastics, eco-PU that’s low-VOC, breathable and biodegradable, organic cotton, hemp and reclaimed wood and is committed to choosing vendors who abide by our ideals of earth-friendly manufacturing processes and fair treatment of workers."], ["country", "0"], ["price_range", "0"], ["created_at", 2016-07-04 14:14:09 UTC], ["updated_at", 2016-07-04 14:14:09 UTC]]
  [1m[35m (0.3ms)[0m  [1m[35mCOMMIT[0m
  [1m[35m (0.1ms)[0m  [1m[35mBEGIN[0m
  [1m[35mSQL (0.2ms)[0m  [1m[32mINSERT INTO "ventures" ("name", "website", "description", "country", "price_range", "created_at", "updated_at") VALUES ($1, $2, $3, $4, $5, $6, $7) RETURNING "id"[0m  [["name", "Po Zu"], ["website", "http://po-zu.com/"], ["description", "Donate 3% to charities..."], ["country", "0"], ["price_range", "0"], ["created_at", 2016-07-04 14:14:09 UTC], ["updated_at", 2016-07-04 14:14:09 UTC]]
  [1m[35m (0.2ms)[0m  [1m[35mCOMMIT[0m
  [1m[35m (0.1ms)[0m  [1m[35mBEGIN[0m
  [1m[35mSQL (0.2ms)[0m  [1m[32mINSERT INTO "ventures" ("name", "website", "description", "country", "price_range", "created_at", "updated_at") VALUES ($1, $2, $3, $4, $5, $6, $7) RETURNING "id"[0m  [["name", "Ethletic"], ["website", "http://ethletic.com/"], ["description", "Ethletic products are made with organic Fairtrade-cotton, come from sustainable fairtrade resources, and are 100 % vegan. For every regular order, we have commited ourselves to the accomplishment of additional contributions for social project facilitations of plantation workers"], ["country", "0"], ["price_range", "0"], ["created_at", 2016-07-04 14:14:09 UTC], ["updated_at", 2016-07-04 14:14:09 UTC]]
  [1m[35m (0.2ms)[0m  [1m[35mCOMMIT[0m
  [1m[35m (0.1ms)[0m  [1m[35mBEGIN[0m
  [1m[35mSQL (0.3ms)[0m  [1m[32mINSERT INTO "ventures" ("name", "website", "description", "country", "price_range", "created_at", "updated_at") VALUES ($1, $2, $3, $4, $5, $6, $7) RETURNING "id"[0m  [["name", "Bourgeois Boheme"], ["website", "http://www.bboheme.com/"], ["description", "Vegan shoes + support for charities (Team Badger)"], ["country", "0"], ["price_range", "0"], ["created_at", 2016-07-04 14:14:09 UTC], ["updated_at", 2016-07-04 14:14:09 UTC]]
  [1m[35m (0.3ms)[0m  [1m[35mCOMMIT[0m
  [1m[35m (0.1ms)[0m  [1m[35mBEGIN[0m
  [1m[35mSQL (0.3ms)[0m  [1m[32mINSERT INTO "ventures" ("name", "website", "description", "country", "price_range", "created_at", "updated_at") VALUES ($1, $2, $3, $4, $5, $6, $7) RETURNING "id"[0m  [["name", "Beyond Skin"], ["website", "http://www.beyondskin.co.uk/default.asp"], ["description", "Vegan shoes + pledge to give 1% of profits to grass-root environmental and social projects."], ["country", "0"], ["price_range", "0"], ["created_at", 2016-07-04 14:14:09 UTC], ["updated_at", 2016-07-04 14:14:09 UTC]]
  [1m[35m (0.2ms)[0m  [1m[35mCOMMIT[0m
  [1m[35m (0.1ms)[0m  [1m[35mBEGIN[0m
  [1m[35mSQL (0.2ms)[0m  [1m[32mINSERT INTO "ventures" ("name", "website", "description", "country", "price_range", "created_at", "updated_at") VALUES ($1, $2, $3, $4, $5, $6, $7) RETURNING "id"[0m  [["name", "Sseko Designs"], ["website", "http://ssekodesigns.com/shop/brave-bracelet.html"], ["description", "0"], ["country", "0"], ["price_range", "0"], ["created_at", 2016-07-04 14:14:09 UTC], ["updated_at", 2016-07-04 14:14:09 UTC]]
  [1m[35m (0.2ms)[0m  [1m[35mCOMMIT[0m
  [1m[35m (0.1ms)[0m  [1m[35mBEGIN[0m
  [1m[35mSQL (0.2ms)[0m  [1m[32mINSERT INTO "ventures" ("name", "website", "description", "country", "price_range", "created_at", "updated_at") VALUES ($1, $2, $3, $4, $5, $6, $7) RETURNING "id"[0m  [["name", "Global Seesaw"], ["website", "http://www.globalseesaw.co.uk/"], ["description", "Our fairtrade shop retails and wholesale quality fair trade gifts and products made by women who have been exploited through human trafficking."], ["country", "0"], ["price_range", "0"], ["created_at", 2016-07-04 14:14:09 UTC], ["updated_at", 2016-07-04 14:14:09 UTC]]
  [1m[35m (0.2ms)[0m  [1m[35mCOMMIT[0m
  [1m[35m (0.1ms)[0m  [1m[35mBEGIN[0m
  [1m[35mSQL (0.2ms)[0m  [1m[32mINSERT INTO "ventures" ("name", "website", "description", "country", "price_range", "created_at", "updated_at") VALUES ($1, $2, $3, $4, $5, $6, $7) RETURNING "id"[0m  [["name", "Tumi"], ["website", "http://www.tumi.co.uk/"], ["description", "Taking its name from an Inca dagger, Tumi was founded in 1978 by Mo Fini promoting fair trade crafts and goods with Latin America, working closely with organisations such as Traidcraft and Oxfam Trading, specialising in wholesale distribution, retail and mail order online of world crafts."], ["country", "0"], ["price_range", "0"], ["created_at", 2016-07-04 14:14:09 UTC], ["updated_at", 2016-07-04 14:14:09 UTC]]
  [1m[35m (0.2ms)[0m  [1m[35mCOMMIT[0m
  [1m[35m (0.1ms)[0m  [1m[35mBEGIN[0m
  [1m[35mSQL (0.2ms)[0m  [1m[32mINSERT INTO "ventures" ("name", "website", "description", "country", "price_range", "created_at", "updated_at") VALUES ($1, $2, $3, $4, $5, $6, $7) RETURNING "id"[0m  [["name", "Women Worldwide"], ["website", "http://www.womenworldwide.org/"], ["description", "Supporting women to earn a living through craft, and not through charity. We find companies worldwide that are working with people to teach them or support them in their craft. We are then a platform through which these women can then sell their beautiful artisan products."], ["country", "0"], ["price_range", "0"], ["created_at", 2016-07-04 14:14:09 UTC], ["updated_at", 2016-07-04 14:14:09 UTC]]
  [1m[35m (0.2ms)[0m  [1m[35mCOMMIT[0m
  [1m[35m (0.1ms)[0m  [1m[35mBEGIN[0m
  [1m[35mSQL (0.2ms)[0m  [1m[32mINSERT INTO "ventures" ("name", "website", "description", "country", "price_range", "created_at", "updated_at") VALUES ($1, $2, $3, $4, $5, $6, $7) RETURNING "id"[0m  [["name", "Silverchilli"], ["website", "http://www.silverchilli.com/"], ["description", "Bringing designer Mexican silver jewellery with the accent on funky to you! We pay large deposits on orders to fund the raw materials, work with the silversmiths to ensure that they make a good living from their jewellery, and offer fair trade loans to help expand their businesses at low risk."], ["country", "0"], ["price_range", "0"], ["created_at", 2016-07-04 14:14:09 UTC], ["updated_at", 2016-07-04 14:14:09 UTC]]
  [1m[35m (0.2ms)[0m  [1m[35mCOMMIT[0m
  [1m[35m (0.1ms)[0m  [1m[35mBEGIN[0m
  [1m[35mSQL (0.2ms)[0m  [1m[32mINSERT INTO "ventures" ("name", "website", "description", "country", "price_range", "created_at", "updated_at") VALUES ($1, $2, $3, $4, $5, $6, $7) RETURNING "id"[0m  [["name", "Made"], ["website", "http://www.made.uk.com/"], ["description", "Our workshop in Kenya was founded in 2005 with a view to harnessing the talent and skills of artisans in Kenya, whilst providing a safe working environment, long-term job security and training. Since then we have grown to employ over 60 men and women. From highly skilled craftsmen and women to novices eager to learn, our goal is to create sustainable jobs, teach new skills and empower developing communities in Kenya"], ["country", "0"], ["price_range", "0"], ["created_at", 2016-07-04 14:14:09 UTC], ["updated_at", 2016-07-04 14:14:09 UTC]]
  [1m[35m (0.2ms)[0m  [1m[35mCOMMIT[0m
  [1m[35m (0.1ms)[0m  [1m[35mBEGIN[0m
  [1m[35mSQL (0.2ms)[0m  [1m[32mINSERT INTO "ventures" ("name", "website", "description", "country", "price_range", "created_at", "updated_at") VALUES ($1, $2, $3, $4, $5, $6, $7) RETURNING "id"[0m  [["name", "CRED"], ["website", "http://credjewellery.com/"], ["description", "Since the launch of Fairtrade gold in February 2011 CRED has given over $150,000 in Fairtrade premiums to our mining communities in South America."], ["country", "0"], ["price_range", "0"], ["created_at", 2016-07-04 14:14:09 UTC], ["updated_at", 2016-07-04 14:14:09 UTC]]
  [1m[35m (0.2ms)[0m  [1m[35mCOMMIT[0m
  [1m[35m (0.1ms)[0m  [1m[35mBEGIN[0m
  [1m[35mSQL (0.2ms)[0m  [1m[32mINSERT INTO "ventures" ("name", "website", "description", "country", "price_range", "created_at", "updated_at") VALUES ($1, $2, $3, $4, $5, $6, $7) RETURNING "id"[0m  [["name", "0"], ["website", "0"], ["description", "0"], ["country", "0"], ["price_range", "0"], ["created_at", 2016-07-04 14:14:09 UTC], ["updated_at", 2016-07-04 14:14:09 UTC]]
  [1m[35m (0.2ms)[0m  [1m[35mCOMMIT[0m
  [1m[35m (0.1ms)[0m  [1m[35mBEGIN[0m
  [1m[35mSQL (0.2ms)[0m  [1m[32mINSERT INTO "ventures" ("name", "website", "description", "country", "price_range", "created_at", "updated_at") VALUES ($1, $2, $3, $4, $5, $6, $7) RETURNING "id"[0m  [["name", "Fikay"], ["website", "http://fikay.co.uk/"], ["description", "0"], ["country", "0"], ["price_range", "0"], ["created_at", 2016-07-04 14:14:09 UTC], ["updated_at", 2016-07-04 14:14:09 UTC]]
  [1m[35m (0.2ms)[0m  [1m[35mCOMMIT[0m
  [1m[35m (0.1ms)[0m  [1m[35mBEGIN[0m
  [1m[35mSQL (0.2ms)[0m  [1m[32mINSERT INTO "ventures" ("name", "website", "description", "country", "price_range", "created_at", "updated_at") VALUES ($1, $2, $3, $4, $5, $6, $7) RETURNING "id"[0m  [["name", "Sseko Designs"], ["website", "http://ssekodesigns.com/"], ["description", "0"], ["country", "0"], ["price_range", "0"], ["created_at", 2016-07-04 14:14:09 UTC], ["updated_at", 2016-07-04 14:14:09 UTC]]
  [1m[35m (0.2ms)[0m  [1m[35mCOMMIT[0m
  [1m[35m (0.1ms)[0m  [1m[35mBEGIN[0m
  [1m[35mSQL (0.2ms)[0m  [1m[32mINSERT INTO "ventures" ("name", "website", "description", "country", "price_range", "created_at", "updated_at") VALUES ($1, $2, $3, $4, $5, $6, $7) RETURNING "id"[0m  [["name", "Cri de Coeur"], ["website", "http://cridecoeur.myshopify.com/"], ["description", "0"], ["country", "0"], ["price_range", "0"], ["created_at", 2016-07-04 14:14:09 UTC], ["updated_at", 2016-07-04 14:14:09 UTC]]
  [1m[35m (0.2ms)[0m  [1m[35mCOMMIT[0m
  [1m[35m (0.1ms)[0m  [1m[35mBEGIN[0m
  [1m[35mSQL (0.2ms)[0m  [1m[32mINSERT INTO "ventures" ("name", "website", "description", "country", "price_range", "created_at", "updated_at") VALUES ($1, $2, $3, $4, $5, $6, $7) RETURNING "id"[0m  [["name", "Worthy Village"], ["website", "http://www.worthyvillage.org/"], ["description", "Online shop selling bags, poncho’s and scarves made by women in Guatemala to provide an income with a fair wage. Profits from sales go directory into funding healthcare and educational initiatives in Guatemala."], ["country", "0"], ["price_range", "0"], ["created_at", 2016-07-04 14:14:09 UTC], ["updated_at", 2016-07-04 14:14:09 UTC]]
  [1m[35m (0.2ms)[0m  [1m[35mCOMMIT[0m
  [1m[35m (0.1ms)[0m  [1m[35mBEGIN[0m
  [1m[35mSQL (0.2ms)[0m  [1m[32mINSERT INTO "ventures" ("name", "website", "description", "country", "price_range", "created_at", "updated_at") VALUES ($1, $2, $3, $4, $5, $6, $7) RETURNING "id"[0m  [["name", "Freitag"], ["website", "http://www.freitag.ch/"], ["description", "FREITAG has been manufacturing bags and accessories since 1993. Our materials are used, having seen service on the road. Every year, we process 350 tons of well-traveled truck tarps, 18,000 worn-out bicycle inner tubes and 150,000 discarded seatbelts."], ["country", "0"], ["price_range", "0"], ["created_at", 2016-07-04 14:14:09 UTC], ["updated_at", 2016-07-04 14:14:09 UTC]]
  [1m[35m (0.2ms)[0m  [1m[35mCOMMIT[0m
  [1m[35m (0.1ms)[0m  [1m[35mBEGIN[0m
  [1m[35mSQL (0.2ms)[0m  [1m[32mINSERT INTO "ventures" ("name", "website", "description", "country", "price_range", "created_at", "updated_at") VALUES ($1, $2, $3, $4, $5, $6, $7) RETURNING "id"[0m  [["name", "Freeset Bags"], ["website", "http://www.freesetbags.co.uk/"], ["description", "Freeset was established in 2001 to provide high quality jute bags whilst also providing intervention and employment to women who had been trafficked into prostitution in Kolkata, India. We now employ over 150 women who manufacture our export quality bags and our customers range from large corporations to community groups, schools and events."], ["country", "0"], ["price_range", "0"], ["created_at", 2016-07-04 14:14:09 UTC], ["updated_at", 2016-07-04 14:14:09 UTC]]
  [1m[35m (0.2ms)[0m  [1m[35mCOMMIT[0m
  [1m[35m (0.1ms)[0m  [1m[35mBEGIN[0m
  [1m[35mSQL (0.2ms)[0m  [1m[32mINSERT INTO "ventures" ("name", "website", "description", "country", "price_range", "created_at", "updated_at") VALUES ($1, $2, $3, $4, $5, $6, $7) RETURNING "id"[0m  [["name", "Bambooka"], ["website", "http://www.bambooka.org/"], ["description", "Sunglasses made from bamboo with profits going to PEPE, People Empowered Preserved Earth, a charity which seeks to help people identify and meet their own needs."], ["country", "0"], ["price_range", "0"], ["created_at", 2016-07-04 14:14:09 UTC], ["updated_at", 2016-07-04 14:14:09 UTC]]
  [1m[35m (0.2ms)[0m  [1m[35mCOMMIT[0m
  [1m[35m (0.1ms)[0m  [1m[35mBEGIN[0m
  [1m[35mSQL (0.2ms)[0m  [1m[32mINSERT INTO "ventures" ("name", "website", "description", "country", "price_range", "created_at", "updated_at") VALUES ($1, $2, $3, $4, $5, $6, $7) RETURNING "id"[0m  [["name", "Ana by Karma"], ["website", "http://www.anascarf.org/#!home/cmry"], ["description", "Our mission is to empower poor illiterate Bhutanese women weavers to be financially independent through utilising their talent in weaving. They hand make colourful scarves of unique designs for their Ana & Ata worldwide. Ana = sister; Ata = brother"], ["country", "0"], ["price_range", "0"], ["created_at", 2016-07-04 14:14:09 UTC], ["updated_at", 2016-07-04 14:14:09 UTC]]
  [1m[35m (0.2ms)[0m  [1m[35mCOMMIT[0m
  [1m[35m (0.1ms)[0m  [1m[35mBEGIN[0m
  [1m[35mSQL (0.2ms)[0m  [1m[32mINSERT INTO "ventures" ("name", "website", "description", "country", "price_range", "created_at", "updated_at") VALUES ($1, $2, $3, $4, $5, $6, $7) RETURNING "id"[0m  [["name", "Sativa Bags"], ["website", "https://www.sativabags.com/wwf_59"], ["description", "A range of wallets, rucksacks, and clothings made from blends of hemp and organic cotton. A percentage of sales is donated to WWF to support their work with wildlife conservation."], ["country", "0"], ["price_range", "0"], ["created_at", 2016-07-04 14:14:09 UTC], ["updated_at", 2016-07-04 14:14:09 UTC]]
  [1m[35m (0.2ms)[0m  [1m[35mCOMMIT[0m
  [1m[35m (0.1ms)[0m  [1m[35mBEGIN[0m
  [1m[35mSQL (0.3ms)[0m  [1m[32mINSERT INTO "ventures" ("name", "website", "description", "country", "price_range", "created_at", "updated_at") VALUES ($1, $2, $3, $4, $5, $6, $7) RETURNING "id"[0m  [["name", "Clarity Employment for Blind People"], ["website", "http://clarityefbp.org/"], ["description", "By purchasing our products, you are helping to give blind and disabled people the opportunity to contribute to society and to support themselves and their families."], ["country", "0"], ["price_range", "0"], ["created_at", 2016-07-04 14:14:09 UTC], ["updated_at", 2016-07-04 14:14:09 UTC]]
  [1m[35m (0.3ms)[0m  [1m[35mCOMMIT[0m
  [1m[35m (0.1ms)[0m  [1m[35mBEGIN[0m
  [1m[35mSQL (0.3ms)[0m  [1m[32mINSERT INTO "ventures" ("name", "website", "description", "country", "price_range", "created_at", "updated_at") VALUES ($1, $2, $3, $4, $5, $6, $7) RETURNING "id"[0m  [["name", "Neal's Yard Remedies"], ["website", "http://www.nealsyardremedies.com/home"], ["description", "They make organic, environmentally-friendly skincare products, but they also invest a lot in a range of campaigns such as breast cancer support, saving bees etc"], ["country", "0"], ["price_range", "0"], ["created_at", 2016-07-04 14:14:09 UTC], ["updated_at", 2016-07-04 14:14:09 UTC]]
  [1m[35m (0.3ms)[0m  [1m[35mCOMMIT[0m
  [1m[35m (0.1ms)[0m  [1m[35mBEGIN[0m
  [1m[35mSQL (0.3ms)[0m  [1m[32mINSERT INTO "ventures" ("name", "website", "description", "country", "price_range", "created_at", "updated_at") VALUES ($1, $2, $3, $4, $5, $6, $7) RETURNING "id"[0m  [["name", "CEBRA"], ["website", "http://www.cebraonline.com/"], ["description", "0"], ["country", "0"], ["price_range", "0"], ["created_at", 2016-07-04 14:14:09 UTC], ["updated_at", 2016-07-04 14:14:09 UTC]]
  [1m[35m (0.2ms)[0m  [1m[35mCOMMIT[0m
  [1m[35m (0.1ms)[0m  [1m[35mBEGIN[0m
  [1m[35mSQL (0.2ms)[0m  [1m[32mINSERT INTO "ventures" ("name", "website", "description", "country", "price_range", "created_at", "updated_at") VALUES ($1, $2, $3, $4, $5, $6, $7) RETURNING "id"[0m  [["name", "0"], ["website", "0"], ["description", "0"], ["country", "0"], ["price_range", "0"], ["created_at", 2016-07-04 14:14:09 UTC], ["updated_at", 2016-07-04 14:14:09 UTC]]
  [1m[35m (0.2ms)[0m  [1m[35mCOMMIT[0m
  [1m[35m (0.1ms)[0m  [1m[35mBEGIN[0m
  [1m[35mSQL (0.2ms)[0m  [1m[32mINSERT INTO "ventures" ("name", "website", "description", "country", "price_range", "created_at", "updated_at") VALUES ($1, $2, $3, $4, $5, $6, $7) RETURNING "id"[0m  [["name", "Green People"], ["website", "http://www.greenpeople.co.uk/"], ["description", "Organic, and they donate 10% to charities so I guess they're ok."], ["country", "0"], ["price_range", "0"], ["created_at", 2016-07-04 14:14:09 UTC], ["updated_at", 2016-07-04 14:14:09 UTC]]
  [1m[35m (0.2ms)[0m  [1m[35mCOMMIT[0m
  [1m[35m (0.1ms)[0m  [1m[35mBEGIN[0m
  [1m[35mSQL (0.2ms)[0m  [1m[32mINSERT INTO "ventures" ("name", "website", "description", "country", "price_range", "created_at", "updated_at") VALUES ($1, $2, $3, $4, $5, $6, $7) RETURNING "id"[0m  [["name", "0"], ["website", "0"], ["description", "0"], ["country", "0"], ["price_range", "0"], ["created_at", 2016-07-04 14:14:09 UTC], ["updated_at", 2016-07-04 14:14:09 UTC]]
  [1m[35m (0.2ms)[0m  [1m[35mCOMMIT[0m
  [1m[35m (0.1ms)[0m  [1m[35mBEGIN[0m
  [1m[35mSQL (0.2ms)[0m  [1m[32mINSERT INTO "ventures" ("name", "website", "description", "country", "price_range", "created_at", "updated_at") VALUES ($1, $2, $3, $4, $5, $6, $7) RETURNING "id"[0m  [["name", "Mooncup"], ["website", "http://www.mooncup.co.uk/"], ["description", "In 2004, Mooncup Ltd. was awarded Ethical Company status for its commitment to people and animal friendly practices, making it the first sanitary protection manufacturer in the world to be a certified ethical business."], ["country", "0"], ["price_range", "0"], ["created_at", 2016-07-04 14:14:09 UTC], ["updated_at", 2016-07-04 14:14:09 UTC]]
  [1m[35m (0.2ms)[0m  [1m[35mCOMMIT[0m
  [1m[35m (0.1ms)[0m  [1m[35mBEGIN[0m
  [1m[35mSQL (0.2ms)[0m  [1m[32mINSERT INTO "ventures" ("name", "website", "description", "country", "price_range", "created_at", "updated_at") VALUES ($1, $2, $3, $4, $5, $6, $7) RETURNING "id"[0m  [["name", "0"], ["website", "0"], ["description", "0"], ["country", "0"], ["price_range", "0"], ["created_at", 2016-07-04 14:14:09 UTC], ["updated_at", 2016-07-04 14:14:09 UTC]]
  [1m[35m (0.2ms)[0m  [1m[35mCOMMIT[0m
  [1m[35m (0.1ms)[0m  [1m[35mBEGIN[0m
  [1m[35mSQL (0.2ms)[0m  [1m[32mINSERT INTO "ventures" ("name", "website", "description", "country", "price_range", "created_at", "updated_at") VALUES ($1, $2, $3, $4, $5, $6, $7) RETURNING "id"[0m  [["name", "0"], ["website", "0"], ["description", "0"], ["country", "0"], ["price_range", "0"], ["created_at", 2016-07-04 14:14:09 UTC], ["updated_at", 2016-07-04 14:14:09 UTC]]
  [1m[35m (0.2ms)[0m  [1m[35mCOMMIT[0m
  [1m[35m (0.1ms)[0m  [1m[35mBEGIN[0m
  [1m[35mSQL (0.2ms)[0m  [1m[32mINSERT INTO "ventures" ("name", "website", "description", "country", "price_range", "created_at", "updated_at") VALUES ($1, $2, $3, $4, $5, $6, $7) RETURNING "id"[0m  [["name", "Give Me Tap!"], ["website", "http://www.givemetap.co.uk/"], ["description", "Each bottle purchased provides clean drinking water to a person in Africa for 5 years. So far, over 5,000 people now have access to clean drinking water thanks to Give Me Tap. From every bottle purchase, we fund clean, safe drinking water in communities across Africa by building water boreholes/pumps. Our projects include locations in Ghana, Namibia, and Malawi. As you drink, others drink too!"], ["country", "0"], ["price_range", "0"], ["created_at", 2016-07-04 14:14:09 UTC], ["updated_at", 2016-07-04 14:14:09 UTC]]
  [1m[35m (0.2ms)[0m  [1m[35mCOMMIT[0m
  [1m[35m (0.1ms)[0m  [1m[35mBEGIN[0m
  [1m[35mSQL (0.2ms)[0m  [1m[32mINSERT INTO "ventures" ("name", "website", "description", "country", "price_range", "created_at", "updated_at") VALUES ($1, $2, $3, $4, $5, $6, $7) RETURNING "id"[0m  [["name", "Fairphone"], ["website", "https://www.fairphone.com/"], ["description", "Fairphone is a social enterprise that is building a movement for fairer electronics. By making a phone, we’re opening up the supply chain and creating new relationships between people and their products. We’re making a positive impact across the value chain in mining, design, manufacturing and life cycle, while expanding the market for products that put ethical values first."], ["country", "0"], ["price_range", "0"], ["created_at", 2016-07-04 14:14:09 UTC], ["updated_at", 2016-07-04 14:14:09 UTC]]
  [1m[35m (0.2ms)[0m  [1m[35mCOMMIT[0m
  [1m[35m (0.1ms)[0m  [1m[35mBEGIN[0m
  [1m[35mSQL (0.2ms)[0m  [1m[32mINSERT INTO "ventures" ("name", "website", "description", "country", "price_range", "created_at", "updated_at") VALUES ($1, $2, $3, $4, $5, $6, $7) RETURNING "id"[0m  [["name", "Reviive"], ["website", "http://www.reviive.co.uk/"], ["description", "Reviive wants to make the most possible use out of furniture and household goods that people no longer need. This work has an economic impact and allows us to employ staff, create work placements and train volunteers. We also aim to have a financial impact on households because you can buy great furniture at low prices and finally any profit/surplus we make goes to our founder charities and their partners."], ["country", "0"], ["price_range", "0"], ["created_at", 2016-07-04 14:14:09 UTC], ["updated_at", 2016-07-04 14:14:09 UTC]]
  [1m[35m (0.2ms)[0m  [1m[35mCOMMIT[0m
  [1m[35m (0.1ms)[0m  [1m[35mBEGIN[0m
  [1m[35mSQL (0.2ms)[0m  [1m[32mINSERT INTO "ventures" ("name", "website", "description", "country", "price_range", "created_at", "updated_at") VALUES ($1, $2, $3, $4, $5, $6, $7) RETURNING "id"[0m  [["name", "Divine Chocolate"], ["website", "http://www.divinechocolate.com/uk/"], ["description", "0"], ["country", "0"], ["price_range", "0"], ["created_at", 2016-07-04 14:14:09 UTC], ["updated_at", 2016-07-04 14:14:09 UTC]]
  [1m[35m (0.2ms)[0m  [1m[35mCOMMIT[0m
  [1m[35m (0.1ms)[0m  [1m[35mBEGIN[0m
  [1m[35mSQL (0.2ms)[0m  [1m[32mINSERT INTO "ventures" ("name", "website", "description", "country", "price_range", "created_at", "updated_at") VALUES ($1, $2, $3, $4, $5, $6, $7) RETURNING "id"[0m  [["name", "Harry Specters Fine Chocolate"], ["website", "http://www.harryschocs.co.uk/"], ["description", "0"], ["country", "0"], ["price_range", "0"], ["created_at", 2016-07-04 14:14:09 UTC], ["updated_at", 2016-07-04 14:14:09 UTC]]
  [1m[35m (0.2ms)[0m  [1m[35mCOMMIT[0m
  [1m[35m (0.1ms)[0m  [1m[35mBEGIN[0m
  [1m[35mSQL (0.2ms)[0m  [1m[32mINSERT INTO "ventures" ("name", "website", "description", "country", "price_range", "created_at", "updated_at") VALUES ($1, $2, $3, $4, $5, $6, $7) RETURNING "id"[0m  [["name", "Cafédirect"], ["website", "http://www.cafedirect.co.uk/"], ["description", "0"], ["country", "0"], ["price_range", "0"], ["created_at", 2016-07-04 14:14:09 UTC], ["updated_at", 2016-07-04 14:14:09 UTC]]
  [1m[35m (0.2ms)[0m  [1m[35mCOMMIT[0m
  [1m[35m (0.1ms)[0m  [1m[35mBEGIN[0m
  [1m[35mSQL (0.3ms)[0m  [1m[32mINSERT INTO "ventures" ("name", "website", "description", "country", "price_range", "created_at", "updated_at") VALUES ($1, $2, $3, $4, $5, $6, $7) RETURNING "id"[0m  [["name", "GroCycle"], ["website", "http://grocycle.com/"], ["description", "Grow at Home Kits. Our aim is to keep coffee waste out of landfill by using it to grow gourmet mushrooms, produce fertile compost, and biofuel."], ["country", "0"], ["price_range", "0"], ["created_at", 2016-07-04 14:14:09 UTC], ["updated_at", 2016-07-04 14:14:09 UTC]]
  [1m[35m (0.2ms)[0m  [1m[35mCOMMIT[0m
  [1m[35m (0.1ms)[0m  [1m[35mBEGIN[0m
  [1m[35mSQL (0.2ms)[0m  [1m[32mINSERT INTO "ventures" ("name", "website", "description", "country", "price_range", "created_at", "updated_at") VALUES ($1, $2, $3, $4, $5, $6, $7) RETURNING "id"[0m  [["name", "Bikeworks"], ["website", "http://www.bikeworks.org.uk/"], ["description", "0"], ["country", "0"], ["price_range", "0"], ["created_at", 2016-07-04 14:14:09 UTC], ["updated_at", 2016-07-04 14:14:09 UTC]]
  [1m[35m (0.2ms)[0m  [1m[35mCOMMIT[0m
  [1m[35m (0.1ms)[0m  [1m[35mBEGIN[0m
  [1m[35mSQL (0.2ms)[0m  [1m[32mINSERT INTO "ventures" ("name", "website", "description", "country", "price_range", "created_at", "updated_at") VALUES ($1, $2, $3, $4, $5, $6, $7) RETURNING "id"[0m  [["name", "Lensational"], ["website", "http://photos.lensational.org/#!/index"], ["description", "0"], ["country", "0"], ["price_range", "0"], ["created_at", 2016-07-04 14:14:09 UTC], ["updated_at", 2016-07-04 14:14:09 UTC]]
  [1m[35m (0.3ms)[0m  [1m[35mCOMMIT[0m
  [1m[35m (0.1ms)[0m  [1m[35mBEGIN[0m
  [1m[35mSQL (0.4ms)[0m  [1m[32mINSERT INTO "ventures" ("name", "website", "description", "country", "price_range", "created_at", "updated_at") VALUES ($1, $2, $3, $4, $5, $6, $7) RETURNING "id"[0m  [["name", "Traidcraft"], ["website", "http://www.traidcraftshop.co.uk/"], ["description", "Traidcraft's unique structure - a trading company and a development charity working together - gives us a distinctive perspective on how trade can be made to work for the poor."], ["country", "0"], ["price_range", "0"], ["created_at", 2016-07-04 14:14:09 UTC], ["updated_at", 2016-07-04 14:14:09 UTC]]
  [1m[35m (0.3ms)[0m  [1m[35mCOMMIT[0m
  [1m[35m (0.1ms)[0m  [1m[35mBEGIN[0m
  [1m[35mSQL (0.2ms)[0m  [1m[32mINSERT INTO "ventures" ("name", "website", "description", "country", "price_range", "created_at", "updated_at") VALUES ($1, $2, $3, $4, $5, $6, $7) RETURNING "id"[0m  [["name", "UNICEF"], ["website", "http://shop.unicef.org.uk/"], ["description", "0"], ["country", "0"], ["price_range", "0"], ["created_at", 2016-07-04 14:14:09 UTC], ["updated_at", 2016-07-04 14:14:09 UTC]]
  [1m[35m (0.2ms)[0m  [1m[35mCOMMIT[0m
  [1m[35m (0.1ms)[0m  [1m[35mBEGIN[0m
  [1m[35mSQL (0.2ms)[0m  [1m[32mINSERT INTO "ventures" ("name", "website", "description", "country", "price_range", "created_at", "updated_at") VALUES ($1, $2, $3, $4, $5, $6, $7) RETURNING "id"[0m  [["name", "Amnesty"], ["website", "http://amnestyshop.org.uk/"], ["description", "0"], ["country", "0"], ["price_range", "0"], ["created_at", 2016-07-04 14:14:09 UTC], ["updated_at", 2016-07-04 14:14:09 UTC]]
  [1m[35m (0.2ms)[0m  [1m[35mCOMMIT[0m
  [1m[35m (0.1ms)[0m  [1m[35mBEGIN[0m
  [1m[35mSQL (0.2ms)[0m  [1m[32mINSERT INTO "ventures" ("name", "website", "description", "country", "price_range", "created_at", "updated_at") VALUES ($1, $2, $3, $4, $5, $6, $7) RETURNING "id"[0m  [["name", "Spirals of Abundance"], ["website", "http://www.spiralsofabundance.com/index.php"], ["description", "Spirals of abundance is a family run business operating since 2005. We have been registered as fair trade importers and retailers since 2006. Currently we help support the Himalayan Permaculture Centre, a farmer-based grass roots development organisation working in remote areas of western Nepal."], ["country", "0"], ["price_range", "0"], ["created_at", 2016-07-04 14:14:09 UTC], ["updated_at", 2016-07-04 14:14:09 UTC]]
  [1m[35m (0.3ms)[0m  [1m[35mCOMMIT[0m
  [1m[35m (0.1ms)[0m  [1m[35mBEGIN[0m
  [1m[35mSQL (0.2ms)[0m  [1m[32mINSERT INTO "ventures" ("name", "website", "description", "country", "price_range", "created_at", "updated_at") VALUES ($1, $2, $3, $4, $5, $6, $7) RETURNING "id"[0m  [["name", "Saathay"], ["website", "http://www.saathay.com/"], ["description", "Saathay works with local non-profit organisations, with artisans and weavers ensuring that the people who produce these amazing pieces of art get a fair wage and an environment conducive for them to create their exquisite pieces of art."], ["country", "0"], ["price_range", "0"], ["created_at", 2016-07-04 14:14:09 UTC], ["updated_at", 2016-07-04 14:14:09 UTC]]
  [1m[35m (0.2ms)[0m  [1m[35mCOMMIT[0m
  [1m[35m (0.1ms)[0m  [1m[35mBEGIN[0m
  [1m[35mSQL (0.2ms)[0m  [1m[32mINSERT INTO "ventures" ("name", "website", "description", "country", "price_range", "created_at", "updated_at") VALUES ($1, $2, $3, $4, $5, $6, $7) RETURNING "id"[0m  [["name", "Ganesha"], ["website", "http://www.ganesha.co.uk/"], ["description", "They import home furnishings and accessories from India, sourced from / developed with co-operatives and producer associations and they support local initiatives such as the\nPlumstead Common Environment Group"], ["country", "0"], ["price_range", "0"], ["created_at", 2016-07-04 14:14:09 UTC], ["updated_at", 2016-07-04 14:14:09 UTC]]
  [1m[35m (0.3ms)[0m  [1m[35mCOMMIT[0m
Started GET "/ventures" for ::1 at 2016-07-04 15:14:19 +0100
  [1m[36mActiveRecord::SchemaMigration Load (0.4ms)[0m  [1m[34mSELECT "schema_migrations".* FROM "schema_migrations"[0m
Processing by VenturesController#index as HTML
  Rendering ventures/index.html.erb within layouts/application
  [1m[36mVenture Load (0.7ms)[0m  [1m[34mSELECT "ventures".* FROM "ventures"[0m
  Rendered ventures/index.html.erb within layouts/application (34.9ms)
Completed 200 OK in 378ms (Views: 362.9ms | ActiveRecord: 3.3ms)


Started DELETE "/ventures/1" for ::1 at 2016-07-04 15:14:27 +0100
Processing by VenturesController#destroy as HTML
  Parameters: {"authenticity_token"=>"9uJ2mT0w5Y1aEIjtVzzuns/rX1MqgFLE4d2QWhmZXi2Zyp339sDkOyHqOoU99nGV1RnqPmq6AONNoYw4kYp89Q==", "id"=>"1"}
  [1m[36mVenture Load (0.4ms)[0m  [1m[34mSELECT  "ventures".* FROM "ventures" WHERE "ventures"."id" = $1 LIMIT $2[0m  [["id", 1], ["LIMIT", 1]]
  [1m[35m (0.1ms)[0m  [1m[35mBEGIN[0m
  [1m[35mSQL (0.3ms)[0m  [1m[31mDELETE FROM "ventures" WHERE "ventures"."id" = $1[0m  [["id", 1]]
  [1m[35m (0.4ms)[0m  [1m[35mCOMMIT[0m
Redirected to http://localhost:3000/ventures
Completed 302 Found in 10ms (ActiveRecord: 1.3ms)


Started GET "/ventures" for ::1 at 2016-07-04 15:14:27 +0100
Processing by VenturesController#index as HTML
  Rendering ventures/index.html.erb within layouts/application
  [1m[36mVenture Load (0.7ms)[0m  [1m[34mSELECT "ventures".* FROM "ventures"[0m
  Rendered ventures/index.html.erb within layouts/application (17.2ms)
Completed 200 OK in 79ms (Views: 76.8ms | ActiveRecord: 0.7ms)


Started DELETE "/ventures/51" for ::1 at 2016-07-04 15:14:41 +0100
Processing by VenturesController#destroy as HTML
  Parameters: {"authenticity_token"=>"wmL1iar0rym4TNTpbXWe/yJiOYm7TxnpMZJ+rCVjffWtSh7nYQSun8O2ZoEHvwH0OJCM5Pt1S86d7mLOrXBfLQ==", "id"=>"51"}
  [1m[36mVenture Load (0.7ms)[0m  [1m[34mSELECT  "ventures".* FROM "ventures" WHERE "ventures"."id" = $1 LIMIT $2[0m  [["id", 51], ["LIMIT", 1]]
  [1m[35m (0.1ms)[0m  [1m[35mBEGIN[0m
  [1m[35mSQL (0.4ms)[0m  [1m[31mDELETE FROM "ventures" WHERE "ventures"."id" = $1[0m  [["id", 51]]
  [1m[35m (1.1ms)[0m  [1m[35mCOMMIT[0m
Redirected to http://localhost:3000/ventures
Completed 302 Found in 6ms (ActiveRecord: 2.3ms)


Started GET "/ventures" for ::1 at 2016-07-04 15:14:41 +0100
Processing by VenturesController#index as HTML
  Rendering ventures/index.html.erb within layouts/application
  [1m[36mVenture Load (0.8ms)[0m  [1m[34mSELECT "ventures".* FROM "ventures"[0m
  Rendered ventures/index.html.erb within layouts/application (21.2ms)
Completed 200 OK in 77ms (Views: 73.6ms | ActiveRecord: 0.8ms)


Started DELETE "/ventures/64" for ::1 at 2016-07-04 15:14:53 +0100
Processing by VenturesController#destroy as HTML
  Parameters: {"authenticity_token"=>"uBAt2D+Pw48x+bDhcXzSheF+91u7yvts+C5ifdLjqo/XOMa29H/COUoDAokbtk2O+4xCNvvwqUtUUn4fWvCIVw==", "id"=>"64"}
  [1m[36mVenture Load (1.0ms)[0m  [1m[34mSELECT  "ventures".* FROM "ventures" WHERE "ventures"."id" = $1 LIMIT $2[0m  [["id", 64], ["LIMIT", 1]]
  [1m[35m (0.2ms)[0m  [1m[35mBEGIN[0m
  [1m[35mSQL (0.4ms)[0m  [1m[31mDELETE FROM "ventures" WHERE "ventures"."id" = $1[0m  [["id", 64]]
  [1m[35m (1.5ms)[0m  [1m[35mCOMMIT[0m
Redirected to http://localhost:3000/ventures
Completed 302 Found in 8ms (ActiveRecord: 3.4ms)


Started GET "/ventures" for ::1 at 2016-07-04 15:14:53 +0100
Processing by VenturesController#index as HTML
  Rendering ventures/index.html.erb within layouts/application
  [1m[36mVenture Load (0.8ms)[0m  [1m[34mSELECT "ventures".* FROM "ventures"[0m
  Rendered ventures/index.html.erb within layouts/application (25.9ms)
Completed 200 OK in 88ms (Views: 85.2ms | ActiveRecord: 0.8ms)


Started DELETE "/ventures/66" for ::1 at 2016-07-04 15:15:01 +0100
Processing by VenturesController#destroy as HTML
  Parameters: {"authenticity_token"=>"QAzvti9uccmGe0kMNpBG/0RJQx5CdR3/0T82w70dwaEvJATY5J5wf/2B+2RcWtn0Xrv2cwJPT9h9QyqhNQ7jeQ==", "id"=>"66"}
  [1m[36mVenture Load (1.1ms)[0m  [1m[34mSELECT  "ventures".* FROM "ventures" WHERE "ventures"."id" = $1 LIMIT $2[0m  [["id", 66], ["LIMIT", 1]]
  [1m[35m (0.2ms)[0m  [1m[35mBEGIN[0m
  [1m[35mSQL (0.5ms)[0m  [1m[31mDELETE FROM "ventures" WHERE "ventures"."id" = $1[0m  [["id", 66]]
  [1m[35m (1.4ms)[0m  [1m[35mCOMMIT[0m
Redirected to http://localhost:3000/ventures
Completed 302 Found in 10ms (ActiveRecord: 3.9ms)


Started GET "/ventures" for ::1 at 2016-07-04 15:15:01 +0100
Processing by VenturesController#index as HTML
  Rendering ventures/index.html.erb within layouts/application
  [1m[36mVenture Load (0.7ms)[0m  [1m[34mSELECT "ventures".* FROM "ventures"[0m
  Rendered ventures/index.html.erb within layouts/application (27.3ms)
Completed 200 OK in 81ms (Views: 78.8ms | ActiveRecord: 0.7ms)


Started GET "/ventures/4" for ::1 at 2016-07-04 15:15:13 +0100
Processing by VenturesController#show as HTML
  Parameters: {"id"=>"4"}
  [1m[36mVenture Load (1.3ms)[0m  [1m[34mSELECT  "ventures".* FROM "ventures" WHERE "ventures"."id" = $1 LIMIT $2[0m  [["id", 4], ["LIMIT", 1]]
  Rendering ventures/show.html.erb within layouts/application
  Rendered ventures/show.html.erb within layouts/application (1.2ms)
Completed 200 OK in 46ms (Views: 41.1ms | ActiveRecord: 1.5ms)


